 Iter cont_resid imp_resid energy_resid
10 1.000000 1.000000 1.000000
20 1.263450 1.252803 1.225167
30 1.354616 1.509735 1.303655
40 1.453636 1.688958 1.410608
50 1.578726 1.819099 1.528943
60 1.667849 1.880845 1.607645
70 1.711267 1.943554 1.650604
80 1.780251 2.051904 1.715730
90 1.834810 2.098354 1.765149
100 1.853879 2.121710 1.783702
110 1.890542 2.174166 1.815847
120 1.936813 2.217426 1.860834
130 1.958472 2.259833 1.879816
140 2.002019 2.319140 1.920235
150 2.034283 2.348686 1.949485
160 2.065723 2.374477 1.978764
170 2.110113 2.436323 2.019949
180 2.137380 2.468687 2.043633
190 2.142532 2.494223 2.047685
200 2.179063 2.535229 2.080503
210 2.212435 2.575824 2.111321
220 2.220387 2.590230 2.117709
230 2.228764 2.606195 2.124228
240 2.238157 2.630152 2.132200
250 2.267995 2.670822 2.158967
260 2.289392 2.706456 2.177898
270 2.299829 2.719141 2.186637
280 2.289961 2.706095 2.176914
290 2.298305 2.720642 2.184137
300 2.324428 2.745445 2.208073
310 2.328751 2.751591 2.211709
320 2.316826 2.743538 2.200159
330 2.326051 2.753560 2.208265
340 2.315483 2.750860 2.197322
350 2.541780 2.842412 2.428101
360 2.196206 2.704519 2.077771
370 2.084186 2.654673 1.970674
380 1.961830 2.613651 1.855046
390 1.777362 2.767156 1.679635
400 2.025797 2.622524 2.012254
410 2.288238 2.376902 2.290715
420 1.569798 1.817197 1.554357
430 1.537933 1.621320 1.547337
440 1.611026 1.694555 1.642249
450 1.732539 1.685045 1.743815
460 1.654477 2.003662 1.666542
470 1.751269 1.904230 1.780618
480 1.870885 2.053676 1.923153
490 1.790655 2.180885 1.862102
500 1.878646 2.305793 1.942507
510 1.936857 2.331046 2.015263
520 1.884893 2.454210 1.965496
530 1.971191 2.530423 2.078321
540 1.888907 2.679319 2.000589
550 2.022616 2.625813 2.127873
560 1.939598 2.784337 2.051464
570 2.026461 2.701473 2.143627
580 1.935074 2.832758 2.057692
590 2.001647 2.822415 2.121335
600 1.940531 2.860424 2.056426
610 1.989619 2.789550 2.103483
620 1.928489 2.838934 2.050176
630 1.948116 2.807988 2.067888
640 1.905891 2.813671 2.017598
650 1.913543 2.770517 2.022203
660 1.879841 2.736216 1.987918
670 1.863869 2.698687 1.971696
680 1.839401 2.651925 1.943305
690 1.807759 2.622478 1.903708
700 1.784249 2.568391 1.877522
710 1.710896 2.511585 1.806606
720 1.616244 2.430129 1.709414
730 1.439278 2.320043 1.524141
740 1.141949 2.171416 1.228198
750 1.108399 1.984627 1.123426
760 1.417641 1.778029 1.425851
770 1.537479 1.472796 1.538047
780 1.515488 1.233345 1.512017
790 1.425661 1.376423 1.401620
800 1.365967 1.554833 1.340685
810 1.208836 1.418313 1.173079
820 1.388684 1.234172 1.331716
830 1.425412 1.212910 1.365638
840 1.273914 1.465185 1.204917
850 1.355353 1.304555 1.276903
860 1.496576 1.321939 1.415727
870 1.282292 1.525535 1.184868
880 1.480198 1.416688 1.378064
890 1.477473 1.469031 1.365405
900 1.363929 1.639645 1.238025
910 1.573187 1.457384 1.453004
920 1.418172 1.698234 1.280978
930 1.564859 1.603390 1.427053
940 1.512849 1.699051 1.367720
950 1.540107 1.720017 1.389794
960 1.570143 1.678574 1.417024
970 1.531679 1.775702 1.372324
980 1.597832 1.701904 1.436650
990 1.543090 1.787056 1.375696
1000 1.604741 1.706035 1.438017
1010 1.556158 1.783010 1.382262
1020 1.605294 1.731419 1.430231
1030 1.571854 1.773648 1.393149
1040 1.600003 1.717732 1.421339
1050 1.573602 1.742212 1.390789
1060 1.593226 1.712116 1.410122
1070 1.582311 1.729110 1.397049
1080 1.592499 1.701210 1.404778
1090 1.577088 1.691764 1.389628
1100 1.582101 1.680308 1.393442
1110 1.584391 1.668294 1.394867
1120 1.578622 1.647551 1.389666
1130 1.575757 1.643598 1.387141
1140 1.573314 1.625089 1.385798
1150 1.571730 1.611454 1.384416
1160 1.558782 1.603918 1.374942
1170 1.558463 1.577762 1.371779
1180 1.541651 1.583799 1.352025
1190 1.524144 1.562167 1.334511
1200 1.486971 1.567933 1.298818
1210 1.435224 1.569957 1.256075
1220 1.375849 1.572090 1.199794
1230 1.305809 1.580688 1.130669
1240 1.245563 1.578876 1.065995
1250 1.172453 1.573102 0.997598
1260 1.128463 1.542722 0.967411
1270 1.090639 1.499581 0.953258
1280 1.098834 1.433968 0.983327
1290 1.110897 1.359296 1.007740
1300 1.122071 1.312281 1.051032
1310 1.132066 1.273832 1.081808
1320 1.150557 1.264839 1.125485
1330 1.166993 1.253472 1.155336
1340 1.182554 1.278697 1.189780
1350 1.200883 1.325316 1.233402
1360 1.227623 1.377866 1.265448
1370 1.245744 1.451823 1.286481
1380 1.237726 1.582367 1.278587
1390 1.186784 1.681027 1.236691
1400 1.130315 1.731673 1.176436
1410 1.115041 1.778636 1.184370
1420 1.141248 1.877758 1.223927
1430 1.084729 1.946351 1.193699
1440 1.029410 2.101749 1.112527
1450 1.135670 2.042428 1.259845
1460 1.116713 2.018968 1.241375
1470 1.090059 2.152142 1.215696
1480 1.081602 2.109898 1.205987
1490 1.137914 2.143076 1.282227
1500 1.084964 2.187847 1.228634
1510 1.107274 2.172871 1.233766
1520 1.154575 2.129877 1.298320
1530 1.145534 2.156381 1.267836
1540 1.176082 2.095831 1.306192
1550 1.156712 2.089825 1.284004
1560 1.169141 2.064936 1.288460
1570 1.137052 2.014545 1.250411
1580 1.126534 1.982087 1.241963
1590 1.085320 1.913694 1.193744
1600 1.030861 1.854244 1.134545
1610 0.988213 1.798035 1.088324
1620 0.939528 1.740516 1.030341
1630 0.923310 1.669499 0.962223
1640 1.018439 1.609067 1.028740
1650 1.049499 1.551892 1.052223
1660 1.106982 1.452304 1.121201
1670 1.157184 1.316034 1.172070
1680 1.172552 1.202372 1.182383
1690 1.191643 1.040766 1.205831
1700 1.148671 0.986313 1.163801
1710 1.126517 1.066392 1.127436
1720 1.099256 1.104792 1.083993
1730 1.044135 1.134618 1.022424
1740 0.956956 1.084207 0.933294
1750 0.871862 1.064459 0.855056
1760 0.950459 1.018047 0.897028
1770 1.048055 0.892515 0.985514
1780 1.039666 0.889194 0.969104
1790 0.884706 1.039341 0.817748
1800 0.795811 1.049645 0.708153
1810 0.987515 0.932602 0.899174
1820 1.016195 0.944138 0.918884
1830 0.879278 1.050313 0.769071
1840 0.830093 1.088435 0.702857
1850 0.978997 0.938399 0.855341
1860 0.984584 0.994683 0.858161
1870 0.852507 1.132305 0.712721
1880 0.911678 1.113575 0.765062
1890 1.008420 0.964000 0.865375
1900 0.931642 1.065959 0.783489
1910 0.874095 1.164061 0.716839
1920 0.981940 1.034724 0.829305
1930 0.985944 1.020293 0.832921
1940 0.902095 1.159084 0.742104
1950 0.960645 1.089797 0.798734
1960 0.998804 1.004053 0.834783
1970 0.939959 1.099335 0.768869
1980 0.951159 1.085004 0.789716
1990 0.988056 1.025568 0.825245
2000 0.970357 1.042110 0.803265
2010 0.972053 1.054156 0.797134
2020 0.972508 1.037821 0.801934
2030 0.983224 1.012869 0.814717
2040 0.979111 1.003388 0.812021
2050 0.960552 1.023411 0.789040
2060 0.992261 0.988626 0.815981
2070 0.991730 0.977003 0.815916
2080 0.965454 0.998970 0.794614
2090 0.985144 0.981214 0.815140
2100 0.990689 0.960535 0.815270
2110 0.985311 0.957333 0.811301
2120 0.980205 0.960956 0.806411
2130 0.977679 0.954693 0.806723
2140 0.984562 0.940868 0.815910
2150 0.988264 0.930840 0.814023
2160 0.976331 0.933070 0.801351
2170 0.974949 0.932289 0.808223
2180 0.965367 0.928666 0.799145
2190 0.967706 0.927933 0.796462
2200 0.966166 0.926615 0.796339
2210 0.954069 0.923267 0.785748
2220 0.948201 0.924028 0.780301
2230 0.939228 0.927712 0.769578
2240 0.926902 0.930575 0.754019
2250 0.911683 0.932111 0.744245
2260 0.890963 0.936083 0.730634
2270 0.875689 0.943223 0.714981
2280 0.864382 0.950146 0.700775
2290 0.844115 0.952755 0.685256
2300 0.825242 0.951181 0.674148
2310 0.815229 0.946546 0.666302
2320 0.810844 0.939981 0.656357
2330 0.801568 0.931643 0.654074
2340 0.789726 0.922527 0.652222
2350 0.785835 0.915151 0.651151
2360 0.787994 0.907501 0.651262
2370 0.781479 0.902531 0.650558
2380 0.770535 0.900689 0.653311
2390 0.766443 0.901601 0.655314
2400 0.767632 0.904673 0.655118
2410 0.764198 0.911055 0.653109
2420 0.756517 0.920115 0.651689
2430 0.747804 0.930578 0.650161
2440 0.745124 0.942082 0.648405
2450 0.742280 0.954082 0.645836
2460 0.735548 0.966545 0.644490
2470 0.729003 0.979685 0.642401
2480 0.723625 0.993573 0.640813
2490 0.718508 1.008193 0.640256
2500 0.710523 1.023761 0.640973
2510 0.701096 1.047167 0.637428
2520 0.690969 1.071282 0.627076
2530 0.675424 1.089314 0.610370
2540 0.649159 1.099588 0.587719
2550 0.615892 1.105862 0.559249
2560 0.587606 1.103082 0.544432
2570 0.585006 1.135200 0.554257
2580 0.582832 1.140745 0.569811
2590 0.564560 1.144513 0.549453
2600 0.539373 1.197667 0.531911
2610 0.578878 1.159829 0.584794
2620 0.611697 1.114962 0.633135
2630 0.642337 1.126214 0.648343
2640 0.651987 1.149533 0.659363
2650 0.660275 1.160925 0.653118
2660 0.697039 1.107755 0.704708
2670 0.709363 1.145259 0.705959
2680 0.718627 1.127607 0.717272
2690 0.714504 1.153602 0.697428
2700 0.765582 1.083574 0.752660
2710 0.772421 1.123252 0.769426
2720 0.778354 1.084780 0.767666
2730 0.783954 1.134801 0.782404
2740 0.804333 1.062328 0.807372
2750 0.815171 1.080231 0.818311
2760 0.828345 1.076469 0.840444
2770 0.809987 1.068936 0.810598
2780 0.824540 1.021249 0.854034
2790 0.821942 1.028679 0.850105
2800 0.821555 0.974880 0.844108
2810 0.812671 0.993492 0.837255
2820 0.812701 0.946688 0.833285
2830 0.806645 0.938841 0.830950
2840 0.787585 0.964987 0.814269
2850 0.748687 0.962619 0.765318
2860 0.733496 0.997421 0.766130
2870 0.717838 1.004494 0.746981
2880 0.693353 0.996957 0.715517
2890 0.656158 0.987454 0.681165
2900 0.614831 0.963641 0.634029
2910 0.570774 0.913286 0.582172
2920 0.546168 0.885983 0.548816
2930 0.596843 0.815056 0.575389
2940 0.628737 0.746200 0.612729
2950 0.616952 0.707799 0.601127
2960 0.541104 0.807106 0.519906
2970 0.446463 0.840810 0.408189
2980 0.502689 0.803248 0.448729
2990 0.591580 0.692458 0.541104
3000 0.608082 0.601206 0.564573
3010 0.544135 0.664872 0.490444
3020 0.460696 0.763283 0.385607
3030 0.503670 0.742910 0.412198
3040 0.586002 0.641230 0.495887
3050 0.591251 0.592773 0.507241
3060 0.516824 0.638066 0.431978
3070 0.494958 0.714253 0.407966
3080 0.536608 0.688010 0.434126
3090 0.586611 0.620766 0.481193
3100 0.582296 0.591841 0.474676
3110 0.557745 0.591917 0.451933
3120 0.548744 0.642297 0.438763
3130 0.536327 0.656810 0.431574
3140 0.544468 0.657472 0.436860
3150 0.576655 0.627067 0.460032
3160 0.605701 0.563185 0.489115
3170 0.603891 0.548032 0.483292
3180 0.568407 0.607861 0.445101
3190 0.545664 0.638320 0.423041
3200 0.574412 0.632162 0.458662
3210 0.600681 0.593958 0.485378
3220 0.599222 0.556539 0.480656
3230 0.586822 0.562036 0.463031
3240 0.585134 0.570514 0.458512
3250 0.585049 0.580501 0.457736
3260 0.588389 0.594327 0.464247
3270 0.594926 0.570728 0.473182
3280 0.605115 0.557972 0.481716
3290 0.609440 0.548460 0.485816
3300 0.598254 0.537231 0.473359
3310 0.580929 0.560573 0.452127
3320 0.582690 0.560819 0.452636
3330 0.595142 0.544684 0.468748
3340 0.606210 0.539944 0.480522
3350 0.603960 0.532504 0.478823
3360 0.601986 0.525670 0.476803
3370 0.603333 0.532349 0.474618
3380 0.597528 0.529226 0.469026
3390 0.587304 0.529053 0.458406
3400 0.588153 0.528406 0.458237
3410 0.594098 0.518020 0.464970
3420 0.601215 0.510392 0.473605
3430 0.602537 0.506780 0.473901
3440 0.598278 0.506277 0.470374
3450 0.596239 0.508883 0.467731
3460 0.592708 0.509513 0.464229
3470 0.592502 0.504457 0.463936
3480 0.589142 0.497581 0.458845
3490 0.586307 0.492299 0.455243
3500 0.585168 0.490640 0.456378
3510 0.590286 0.488304 0.460351
3520 0.589402 0.488461 0.459116
3530 0.583184 0.493138 0.453458
3540 0.574648 0.493810 0.447809
3550 0.583282 0.487956 0.453206
3560 0.582650 0.483663 0.453264
3570 0.576514 0.479604 0.444523
3580 0.571560 0.474608 0.440798
3590 0.577539 0.475556 0.444758
3600 0.570039 0.478924 0.439378
3610 0.557300 0.479949 0.430493
3620 0.560629 0.477576 0.432281
3630 0.565234 0.472276 0.434255
3640 0.558083 0.470530 0.430224
3650 0.555278 0.467734 0.430220
3660 0.559184 0.461390 0.429967
3670 0.554663 0.459283 0.426320
3680 0.547540 0.460694 0.421964
3690 0.546952 0.459677 0.419242
3700 0.545455 0.457570 0.419267
3710 0.543281 0.458494 0.418972
3720 0.541417 0.455635 0.416304
3730 0.542962 0.452690 0.418077
3740 0.543727 0.451130 0.421869
3750 0.540106 0.447937 0.416126
3760 0.538863 0.446708 0.413237
3770 0.538287 0.446942 0.415065
3780 0.536047 0.447160 0.410985
3790 0.532775 0.447728 0.410233
3800 0.534952 0.448411 0.411518
3810 0.528773 0.449361 0.408779
3820 0.526251 0.448703 0.410366
3830 0.532564 0.444599 0.411441
3840 0.524999 0.446987 0.406109
3850 0.523774 0.443041 0.405000
3860 0.528502 0.440806 0.408289
3870 0.517535 0.444830 0.400190
3880 0.525316 0.439251 0.405052
3890 0.524501 0.441103 0.409586
3900 0.515436 0.442218 0.401360
3910 0.521307 0.435957 0.406133
3920 0.519333 0.438153 0.405972
3930 0.523086 0.437320 0.405807
3940 0.521894 0.437720 0.405804
3950 0.521448 0.436926 0.402977
3960 0.518625 0.440719 0.400645
3970 0.516911 0.442274 0.396956
3980 0.509478 0.439863 0.389852
3990 0.495006 0.437413 0.375570
4000 0.488597 0.434043 0.369321
4010 0.475763 0.425471 0.358743
4020 0.463338 0.418153 0.353320
4030 0.462590 0.418724 0.357953
4040 0.468426 0.422811 0.376908
4050 0.470116 0.426882 0.391238
4060 0.477308 0.430435 0.403035
4070 0.471331 0.463959 0.401644
4080 0.476922 0.470509 0.411972
4090 0.487883 0.449047 0.437709
4100 0.495757 0.477879 0.449460
4110 0.504591 0.486527 0.460793
4120 0.511321 0.495212 0.470177
4130 0.512007 0.515700 0.464322
4140 0.507586 0.538548 0.465333
4150 0.502874 0.552490 0.462051
4160 0.509215 0.539643 0.467246
4170 0.506926 0.540502 0.471547
4180 0.508905 0.547864 0.478574
4190 0.509248 0.540129 0.474506
4200 0.491935 0.562993 0.463674
4210 0.482136 0.553811 0.461061
4220 0.474041 0.550644 0.462718
4230 0.472498 0.566124 0.466523
4240 0.464801 0.567312 0.472121
4250 0.462226 0.582849 0.467522
4260 0.464879 0.579776 0.466449
4270 0.461325 0.594780 0.459340
4280 0.462677 0.602626 0.458376
4290 0.458956 0.608303 0.454735
4300 0.453527 0.599646 0.450657
4310 0.449460 0.602144 0.447979
4320 0.446625 0.601965 0.441435
4330 0.437315 0.599284 0.428166
4340 0.424536 0.594660 0.417045
4350 0.409732 0.580618 0.402574
4360 0.394910 0.574012 0.390261
4370 0.376217 0.560545 0.377441
4380 0.351802 0.547781 0.354443
4390 0.331601 0.531328 0.332624
4400 0.334974 0.508095 0.320022
4410 0.357649 0.476815 0.340119
4420 0.373868 0.441163 0.353884
4430 0.378520 0.398729 0.358268
4440 0.375457 0.393038 0.349091
4450 0.352677 0.413179 0.326085
4460 0.317345 0.433954 0.286785
4470 0.292699 0.434015 0.250112
4480 0.310391 0.414630 0.259438
4490 0.341666 0.377370 0.293723
4500 0.362712 0.332610 0.320171
4510 0.364390 0.302023 0.324809
4520 0.344722 0.300377 0.310199
4530 0.305814 0.322606 0.274431
4540 0.280393 0.367070 0.241494
4550 0.275807 0.388124 0.235038
4560 0.288114 0.386268 0.241991
4570 0.315953 0.380919 0.264258
4580 0.336658 0.352164 0.287121
4590 0.344982 0.312427 0.297675
4600 0.343512 0.289332 0.289189
4610 0.338390 0.277042 0.279589
4620 0.335064 0.269934 0.272697
4630 0.327876 0.262317 0.262667
4640 0.318693 0.272574 0.254479
4650 0.306917 0.293815 0.242622
4660 0.291816 0.323919 0.231940
4670 0.291227 0.335055 0.232647
4680 0.302860 0.327520 0.245078
4690 0.317481 0.316222 0.262035
4700 0.330472 0.308006 0.275026
4710 0.338678 0.295742 0.280137
4720 0.339266 0.278035 0.280287
4730 0.332421 0.256862 0.270493
4740 0.320697 0.249041 0.253121
4750 0.314191 0.258899 0.240987
4760 0.311485 0.274632 0.236567
4770 0.311033 0.278926 0.232657
4780 0.312460 0.272157 0.231598
4790 0.317016 0.272798 0.240420
4800 0.322141 0.281381 0.250879
4810 0.324949 0.282369 0.254391
4820 0.326029 0.274267 0.257178
4830 0.328732 0.261241 0.261081
4840 0.332926 0.256352 0.266123
4850 0.335730 0.253484 0.265682
4860 0.332170 0.251507 0.261769
4870 0.324344 0.248936 0.253381
4880 0.315564 0.246839 0.242988
4890 0.308662 0.250174 0.229894
4900 0.308821 0.259398 0.226667
4910 0.311226 0.260778 0.227973
4920 0.316906 0.255585 0.232238
4930 0.323816 0.246639 0.240692
4940 0.328062 0.240321 0.248018
4950 0.332084 0.238299 0.253664
4960 0.331520 0.236497 0.253510
4970 0.331211 0.229549 0.253276
4980 0.330029 0.224076 0.253248
4990 0.330419 0.219486 0.253766
5000 0.330179 0.218533 0.252767
5010 0.323845 0.221621 0.249376
5020 0.324069 0.223011 0.247247
5030 0.316258 0.225785 0.237692
5040 0.311488 0.225086 0.230742
5050 0.309463 0.227791 0.226470
5060 0.308310 0.228453 0.223641
5070 0.313542 0.224323 0.228256
5080 0.314813 0.217223 0.230160
5090 0.319156 0.212774 0.234800
5100 0.321214 0.207598 0.239404
5110 0.320556 0.203456 0.239253
5120 0.323493 0.198107 0.242405
5130 0.321159 0.194004 0.239962
5140 0.323873 0.190038 0.244056
5150 0.321855 0.188661 0.240805
5160 0.325807 0.187595 0.244751
5170 0.320369 0.188332 0.239386
5180 0.319956 0.191647 0.239321
5190 0.315684 0.191707 0.233865
5200 0.309657 0.191769 0.227697
5210 0.308333 0.193225 0.223815
5220 0.304919 0.192647 0.220289
5230 0.307029 0.192171 0.221380
5240 0.310946 0.188762 0.224908
5250 0.307437 0.184104 0.222566
5260 0.316626 0.181743 0.230586
5270 0.310498 0.177566 0.227435
5280 0.317496 0.175168 0.232779
5290 0.317663 0.169982 0.232926
5300 0.308726 0.168142 0.226673
5310 0.319888 0.164528 0.235981
5320 0.314457 0.162510 0.232221
5330 0.314890 0.162262 0.232188
5340 0.316398 0.161449 0.233251
5350 0.312057 0.161539 0.230004
5360 0.307905 0.162132 0.226072
5370 0.308180 0.162057 0.224713
5380 0.300415 0.160686 0.217104
5390 0.298183 0.160633 0.213773
5400 0.299682 0.159441 0.215030
5410 0.294538 0.157237 0.210889
5420 0.294708 0.155885 0.211225
5430 0.297438 0.153772 0.213663
5440 0.295076 0.152071 0.212296
5450 0.293295 0.150096 0.211711
5460 0.295539 0.146773 0.213532
5470 0.295575 0.146022 0.212931
5480 0.292451 0.143871 0.211735
5490 0.294725 0.142336 0.214267
5500 0.297534 0.141008 0.215343
5510 0.295768 0.139324 0.214775
5520 0.295910 0.138808 0.214499
5530 0.297760 0.138401 0.216320
5540 0.295351 0.137444 0.214276
5550 0.290220 0.136379 0.210238
5560 0.290135 0.135733 0.209211
5570 0.286127 0.135662 0.205000
5580 0.284876 0.134167 0.203474
5590 0.284915 0.133853 0.203188
5600 0.281235 0.132505 0.200980
5610 0.280003 0.130883 0.199617
5620 0.278284 0.130891 0.198642
5630 0.277692 0.129243 0.198506
5640 0.272345 0.127402 0.194936
5650 0.272632 0.126366 0.194666
5660 0.274532 0.125983 0.196419
5670 0.270765 0.124729 0.194154
5680 0.264789 0.123628 0.189956
5690 0.270833 0.123082 0.194303
5700 0.273918 0.121333 0.197483
5710 0.266323 0.120334 0.191862
5720 0.263822 0.120269 0.189723
5730 0.269812 0.119247 0.194172
5740 0.269233 0.117166 0.194025
5750 0.263426 0.116567 0.189122
5760 0.262075 0.116218 0.187532
5770 0.260368 0.114580 0.185866
5780 0.260045 0.113521 0.185517
5790 0.260698 0.112736 0.185630
5800 0.255819 0.111547 0.182503
5810 0.254563 0.110674 0.181572
5820 0.255901 0.110364 0.182528
5830 0.254654 0.109002 0.182325
5840 0.248912 0.108573 0.178152
5850 0.250372 0.107879 0.179273
5860 0.251013 0.106433 0.179739
5870 0.247482 0.106407 0.176898
5880 0.246700 0.106355 0.177327
5890 0.244180 0.104703 0.175755
5900 0.244092 0.104527 0.175315
5910 0.245734 0.103797 0.176910
5920 0.243866 0.103113 0.175735
5930 0.246226 0.103036 0.176742
5940 0.245811 0.101798 0.176658
5950 0.240562 0.101335 0.172999
5960 0.241298 0.100920 0.173987
5970 0.239675 0.099520 0.172467
5980 0.242005 0.099468 0.173092
5990 0.242093 0.098783 0.173024
6000 0.239200 0.098258 0.170486
6010 0.238531 0.098004 0.169412
6020 0.235821 0.097160 0.167948
6030 0.236657 0.097186 0.167969
6040 0.235899 0.096670 0.167723
6050 0.237182 0.096617 0.168836
6060 0.237191 0.095898 0.168685
6070 0.235306 0.094751 0.167744
6080 0.231273 0.093906 0.164983
6090 0.231594 0.092483 0.164957
6100 0.231543 0.091333 0.164934
6110 0.229306 0.089102 0.164136
6120 0.226557 0.085757 0.162684
6130 0.225950 0.083038 0.163766
6140 0.222777 0.080254 0.163717
6150 0.223231 0.077764 0.166349
6160 0.224023 0.076771 0.170897
6170 0.225628 0.078964 0.175406
6180 0.226777 0.082814 0.181250
6190 0.228506 0.086031 0.187143
6200 0.233039 0.090907 0.193950
6210 0.235919 0.098013 0.197704
6220 0.236505 0.108801 0.197703
6230 0.234396 0.116693 0.194054
6240 0.231381 0.122467 0.188466
6250 0.228037 0.126151 0.185977
6260 0.225547 0.128359 0.185807
6270 0.222051 0.140459 0.186414
6280 0.218005 0.151710 0.185081
6290 0.212170 0.159597 0.181221
6300 0.206033 0.166869 0.174929
6310 0.199240 0.175820 0.168478
6320 0.191787 0.182529 0.162490
6330 0.184217 0.188420 0.155395
6340 0.176661 0.193499 0.147018
6350 0.168443 0.197674 0.137723
6360 0.161404 0.201424 0.128815
6370 0.155386 0.203946 0.122250
6380 0.151156 0.204565 0.118119
6390 0.150589 0.205701 0.116736
6400 0.150583 0.205887 0.114780
6410 0.151331 0.205298 0.117571
6420 0.154604 0.205679 0.124106
6430 0.155833 0.205763 0.129596
6440 0.159612 0.204540 0.135351
6450 0.164800 0.201599 0.141079
6460 0.170010 0.197279 0.146102
6470 0.174327 0.192251 0.149916
6480 0.176717 0.186372 0.152834
6490 0.178622 0.179695 0.154294
6500 0.179294 0.171825 0.155722
6510 0.178787 0.163782 0.156011
6520 0.176848 0.155359 0.154458
6530 0.175143 0.146241 0.151831
6540 0.173862 0.137580 0.149310
6550 0.177519 0.130052 0.148959
6560 0.186578 0.122123 0.154711
6570 0.193302 0.113742 0.161383
6580 0.197873 0.104385 0.165720
6590 0.199878 0.093809 0.167491
6600 0.199789 0.084633 0.166932
6610 0.197903 0.083298 0.163923
6620 0.193583 0.081634 0.159077
6630 0.187028 0.079552 0.152224
6640 0.179520 0.077206 0.144289
6650 0.171646 0.074329 0.135726
6660 0.163140 0.071434 0.126683
6670 0.155667 0.071978 0.117372
6680 0.150004 0.076372 0.109541
6690 0.145757 0.081956 0.104490
6700 0.142232 0.087359 0.100906
6710 0.139550 0.091333 0.097584
6720 0.137179 0.094004 0.094923
6730 0.135349 0.095851 0.092517
6740 0.133560 0.096753 0.090201
6750 0.131854 0.096645 0.088371
6760 0.130575 0.095700 0.086860
6770 0.130264 0.094217 0.086003
6780 0.130899 0.091945 0.085834
6790 0.132341 0.089010 0.087435
6800 0.134394 0.085529 0.090570
6810 0.136746 0.082334 0.094016
6820 0.139296 0.080484 0.097022
6830 0.141416 0.078947 0.099767
6840 0.143233 0.077633 0.102068
6850 0.144449 0.076344 0.103556
6860 0.144786 0.075060 0.104023
6870 0.144425 0.074054 0.104254
6880 0.143832 0.073250 0.103464
6890 0.142491 0.072437 0.101588
6900 0.140936 0.071373 0.099391
6910 0.140364 0.070324 0.097887
6920 0.140283 0.068997 0.097972
6930 0.140815 0.067937 0.098701
6940 0.141556 0.066439 0.100025
6950 0.142972 0.065062 0.101602
6960 0.144533 0.063821 0.103092
6970 0.146115 0.064101 0.104434
6980 0.147263 0.064301 0.105932
6990 0.148322 0.064197 0.106976
7000 0.149622 0.063835 0.108174
7010 0.150150 0.062982 0.108933
7020 0.150788 0.062484 0.109335
7030 0.150818 0.061719 0.109131
7040 0.150084 0.061004 0.108694
7050 0.153377 0.060456 0.110575
7060 0.155868 0.059831 0.111577
7070 0.159238 0.059332 0.113397
7080 0.162847 0.058689 0.115073
7090 0.165201 0.057967 0.115952
7100 0.167633 0.057005 0.116818
7110 0.168018 0.055919 0.116559
7120 0.168447 0.054480 0.116919
7130 0.176521 0.054815 0.121685
7140 0.183652 0.055669 0.125957
7150 0.187869 0.056498 0.128216
7160 0.191804 0.056934 0.130619
7170 0.195299 0.057494 0.132510
7180 0.202369 0.058263 0.136974
7190 0.206609 0.058294 0.139535
7200 0.208318 0.057935 0.140671
7210 0.207781 0.056654 0.140978
7220 0.221545 0.058654 0.149844
7230 0.232673 0.061649 0.156937
7240 0.241871 0.063621 0.162347
7250 0.248632 0.064014 0.166586
7260 0.248953 0.063115 0.166471
7270 0.254830 0.064255 0.169811
7280 0.260504 0.063835 0.173355
7290 0.264379 0.062876 0.175793
7300 0.263433 0.061425 0.175364
7310 0.271026 0.060664 0.181039
7320 0.284789 0.064671 0.189364
7330 0.294532 0.069297 0.195311
7340 0.304491 0.072994 0.201068
7350 0.311707 0.075006 0.205548
7360 0.308586 0.074937 0.203745
7370 0.320074 0.072963 0.210809
7380 0.328456 0.071637 0.216327
7390 0.328652 0.069332 0.216479
7400 0.321390 0.065408 0.211569
7410 0.318838 0.061414 0.209351
7420 0.332219 0.065452 0.216976
7430 0.337505 0.070210 0.219988
7440 0.349349 0.076680 0.227314
7450 0.355292 0.081716 0.231629
7460 0.354738 0.085741 0.232103
7470 0.354078 0.085847 0.231457
7480 0.367038 0.083242 0.239209
7490 0.378259 0.077810 0.246297
7500 0.387697 0.071911 0.251361
7510 0.396618 0.067559 0.256234
7520 0.394629 0.062768 0.254734
7530 0.380922 0.058996 0.246575
7540 0.377551 0.061570 0.245106
7550 0.369769 0.064986 0.241850
7560 0.353414 0.069247 0.232302
7570 0.342923 0.075015 0.225563
7580 0.331549 0.079089 0.215516
7590 0.323429 0.081420 0.206864
7600 0.329115 0.082119 0.205628
7610 0.354106 0.083726 0.220780
7620 0.372571 0.086509 0.232790
7630 0.386132 0.088127 0.243102
7640 0.396356 0.087615 0.256247
7650 0.410327 0.083961 0.269802
7660 0.424387 0.080942 0.280731
7670 0.435763 0.080164 0.288693
7680 0.438591 0.082637 0.290340
7690 0.448275 0.092211 0.293510
7700 0.450115 0.100206 0.290733
7710 0.437900 0.106854 0.278912
7720 0.415167 0.113617 0.259403
7730 0.382557 0.120215 0.234665
7740 0.366411 0.125078 0.222566
7750 0.379192 0.124071 0.233376
7760 0.405011 0.120491 0.251886
7770 0.424638 0.115408 0.268531
7780 0.439133 0.111492 0.281403
7790 0.462405 0.110815 0.297915
7800 0.486121 0.118616 0.315896
7810 0.509532 0.123736 0.328646
7820 0.521582 0.125230 0.334563
7830 0.523781 0.127768 0.333352
7840 0.521709 0.133399 0.328311
7850 0.514950 0.140223 0.322405
7860 0.502120 0.144291 0.314125
7870 0.487682 0.145431 0.300786
7880 0.475062 0.149520 0.288914
7890 0.468669 0.150485 0.285329
7900 0.456680 0.145497 0.280311
7910 0.468425 0.139064 0.287567
7920 0.501702 0.137301 0.306782
7930 0.533296 0.140807 0.324338
7940 0.553533 0.144973 0.338072
7950 0.580042 0.152641 0.353736
7960 0.601028 0.160564 0.368545
7970 0.623352 0.163826 0.382810
7980 0.641818 0.160734 0.394839
7990 0.648225 0.162115 0.396846
8000 0.647588 0.166340 0.394294
8010 0.631498 0.167489 0.386899
8020 0.613218 0.169317 0.372890
8030 0.611487 0.170218 0.369249
8040 0.600911 0.173875 0.362356
8050 0.609270 0.171838 0.367453
8060 0.618873 0.165942 0.372114
8070 0.625455 0.162671 0.375560
8080 0.641506 0.158098 0.384962
8090 0.655652 0.157150 0.394424
8100 0.676502 0.168446 0.407925
8110 0.687105 0.178403 0.410894
8120 0.693212 0.182273 0.417946
8130 0.707782 0.186263 0.426285
8140 0.712555 0.192707 0.424591
8150 0.693772 0.205918 0.410813
8160 0.686431 0.213330 0.407455
8170 0.705597 0.212271 0.424373
8180 0.723325 0.204374 0.430056
8190 0.732825 0.197302 0.437229
8200 0.732638 0.186654 0.438082
8210 0.730896 0.181003 0.439871
8220 0.741486 0.178738 0.444043
8230 0.731744 0.175161 0.440280
8240 0.711414 0.174242 0.426135
8250 0.685526 0.176966 0.409591
8260 0.654154 0.183690 0.388490
8270 0.624944 0.188190 0.362295
8280 0.596041 0.185766 0.343088
8290 0.605885 0.180732 0.344871
8300 0.622070 0.182354 0.356585
8310 0.622654 0.179076 0.363389
8320 0.623965 0.173677 0.366305
8330 0.643979 0.171131 0.381428
8340 0.676642 0.171334 0.400113
8350 0.699929 0.169440 0.411734
8360 0.718222 0.169196 0.421103
8370 0.725806 0.171339 0.428061
8380 0.727901 0.184008 0.435417
8390 0.719178 0.194109 0.437840
8400 0.718628 0.196223 0.436374
8410 0.713417 0.197762 0.428102
8420 0.706615 0.200464 0.419374
8430 0.708025 0.197682 0.417616
8440 0.710926 0.197504 0.421931
8450 0.709944 0.199400 0.426973
8460 0.720408 0.197964 0.436011
8470 0.738250 0.192220 0.445980
8480 0.754806 0.184807 0.454733
8490 0.765841 0.174565 0.456344
8500 0.758008 0.167087 0.451301
8510 0.748948 0.163149 0.446373
8520 0.745667 0.171388 0.447024
8530 0.733329 0.181943 0.441392
8540 0.715263 0.191469 0.429686
8550 0.695991 0.196939 0.415108
8560 0.689810 0.200853 0.413222
8570 0.693813 0.201970 0.414932
8580 0.704607 0.206219 0.420029
8590 0.705747 0.214385 0.423644
8600 0.703609 0.218019 0.422782
8610 0.691293 0.217038 0.415339
8620 0.698257 0.210260 0.414614
8630 0.698191 0.198309 0.412575
8640 0.712955 0.193793 0.419824
8650 0.710434 0.197696 0.419173
8660 0.683193 0.198415 0.406603
8670 0.675232 0.200834 0.404670
8680 0.656862 0.196339 0.396559
8690 0.663631 0.190881 0.398306
8700 0.683208 0.189032 0.404102
8710 0.686002 0.185767 0.403959
8720 0.681153 0.187140 0.404563
8730 0.674194 0.191778 0.401794
8740 0.672877 0.189850 0.403899
8750 0.661512 0.184472 0.395786
8760 0.663771 0.186372 0.397510
8770 0.656405 0.183419 0.389202
8780 0.659708 0.181824 0.391499
8790 0.653924 0.177339 0.385584
8800 0.642290 0.172586 0.376178
8810 0.616968 0.164123 0.362223
8820 0.592514 0.159861 0.348516
8830 0.594569 0.159361 0.349735
8840 0.595055 0.157547 0.348351
8850 0.594178 0.155143 0.345246
8860 0.590713 0.149407 0.342086
8870 0.594724 0.152005 0.344620
8880 0.612533 0.158585 0.356872
8890 0.613933 0.166527 0.365119
8900 0.623215 0.169821 0.371162
8910 0.643554 0.175687 0.382878
8920 0.671466 0.181819 0.398615
8930 0.695741 0.178130 0.410705
8940 0.705418 0.177781 0.416086
8950 0.700837 0.175339 0.421777
8960 0.699065 0.171392 0.422850
8970 0.691097 0.170757 0.417032
8980 0.690634 0.170912 0.412359
8990 0.685685 0.173021 0.409053
9000 0.674987 0.178181 0.400509
9010 0.654341 0.178242 0.390870
9020 0.637987 0.177120 0.381937
9030 0.628611 0.182293 0.376471
9040 0.621171 0.182906 0.372907
9050 0.619257 0.175871 0.373776
9060 0.619203 0.166590 0.374084
9070 0.613416 0.155458 0.371827
9080 0.604667 0.144576 0.362408
9090 0.593080 0.137384 0.353446
9100 0.581921 0.132016 0.342483
9110 0.577913 0.131461 0.341164
9120 0.575782 0.139668 0.343549
9130 0.568884 0.149494 0.343914
9140 0.565451 0.153200 0.342328
9150 0.561023 0.155742 0.335361
9160 0.554150 0.155140 0.328286
9170 0.548084 0.159748 0.326729
9180 0.542169 0.162116 0.320531
9190 0.523830 0.163205 0.310851
9200 0.514182 0.164012 0.303157
9210 0.499048 0.162864 0.290514
9220 0.491682 0.164559 0.281085
9230 0.473082 0.158517 0.268504
9240 0.471767 0.154804 0.264414
9250 0.469358 0.153557 0.263655
9260 0.468632 0.147056 0.264235
9270 0.468226 0.139646 0.266958
9280 0.491215 0.141002 0.284727
9290 0.513316 0.145415 0.301777
9300 0.524423 0.144202 0.310533
9310 0.538146 0.145945 0.322133
9320 0.542667 0.146917 0.326576
9330 0.555062 0.152492 0.332724
9340 0.552532 0.152203 0.331594
9350 0.538662 0.142818 0.319382
9360 0.527555 0.143336 0.307446
9370 0.521175 0.142378 0.301647
9380 0.520877 0.150599 0.300364
9390 0.512216 0.157272 0.292054
9400 0.505881 0.159770 0.291165
9410 0.492217 0.162687 0.282560
9420 0.504685 0.169300 0.294743
9430 0.546245 0.178256 0.325624
9440 0.583977 0.187577 0.349904
9450 0.603962 0.194348 0.364006
9460 0.633961 0.200652 0.381571
9470 0.656499 0.206081 0.392875
9480 0.668886 0.204142 0.398740
9490 0.709648 0.221738 0.423728
9500 0.745814 0.231720 0.445780
9510 0.756481 0.237598 0.457473
9520 0.770978 0.249189 0.470863
9530 0.813409 0.274128 0.496476
9540 0.845645 0.279899 0.521083
9550 0.897674 0.316201 0.555452
9560 0.984259 0.390552 0.612716
9570 1.048104 0.429126 0.662433
9580 1.123043 0.488450 0.695644
9590 1.166577 0.569784 0.713682
9600 1.219028 0.619094 0.742749
9610 1.345579 0.748445 0.820979
9620 1.429085 0.931938 0.883575
9630 1.559970 1.141783 0.953712
9640 1.528804 1.224026 0.968516
9650 1.878844 1.381302 1.170576
9660 2.128030 1.481594 1.278670
9670 2.289505 1.552089 1.336463
9680 2.164361 1.499366 1.288994
9690 2.242950 1.563019 1.390122
9700 2.234623 1.559789 1.406540
9710 2.196756 1.509224 1.345636
9720 2.201930 1.435684 1.324591
9730 2.405359 1.500678 1.469527
9740 2.344320 1.484065 1.497796
9750 2.348911 1.635136 1.542788
9760 2.163082 1.463579 1.434509
9770 2.354229 1.641170 1.517281
9780 2.239705 1.474994 1.476656
9790 2.287654 1.412197 1.492659
9800 2.365373 1.471672 1.527277
9810 2.325896 1.557583 1.437758
9820 2.314793 1.604992 1.481763
9830 2.255836 1.516459 1.453619
9840 2.287933 1.426086 1.486052
9850 2.264676 1.330993 1.452774
9860 2.106142 1.244865 1.342676
9870 2.063133 1.245993 1.346913
9880 2.081082 1.245813 1.345728
9890 2.183971 1.270851 1.364014
9900 2.211692 1.251590 1.343319
9910 2.010559 1.207800 1.237244
9920 1.951031 1.218349 1.209486
9930 2.010471 1.167511 1.216646
9940 2.054403 1.123494 1.224148
9950 2.044394 1.078502 1.190088
9960 1.966986 1.111307 1.154899
9970 1.888076 1.149604 1.139436
9980 1.889264 1.143707 1.112079
9990 1.875480 1.086848 1.062018
10000 1.822278 0.999552 0.991514
