0.000000	-1.#IND00
0.013333	-1.#IND00
0.026667	-1.#IND00
0.040000	-1.#IND00
0.053333	-1.#IND00
0.066667	-1.#IND00
0.080000	-1.#IND00
0.093333	-1.#IND00
0.106667	-1.#IND00
0.120000	-1.#IND00
0.133333	-1.#IND00
0.146667	-1.#IND00
0.160000	-1.#IND00
0.173333	-1.#IND00
0.186667	-1.#IND00
0.200000	-1.#IND00
0.213333	-1.#IND00
0.226667	-1.#IND00
0.240000	-1.#IND00
0.253333	-1.#IND00
0.266667	-1.#IND00
0.280000	-1.#IND00
0.293333	-1.#IND00
0.306667	-1.#IND00
0.320000	-1.#IND00
0.333333	-1.#IND00
0.346667	-1.#IND00
0.360000	-1.#IND00
0.373333	-1.#IND00
0.386667	-1.#IND00
0.400000	-1.#IND00
0.413333	-1.#IND00
0.426667	-1.#IND00
0.440000	-1.#IND00
0.453333	-1.#IND00
0.466667	-1.#IND00
0.480000	-1.#IND00
0.493333	-1.#IND00
0.506667	-1.#IND00
0.520000	-1.#IND00
0.533333	-1.#IND00
0.546667	-1.#IND00
0.560000	-1.#IND00
0.573333	-1.#IND00
0.586667	-1.#IND00
0.600000	-1.#IND00
0.613333	-1.#IND00
0.626667	-1.#IND00
0.640000	-1.#IND00
0.653333	-1.#IND00
0.666667	-1.#IND00
0.680000	-1.#IND00
0.693333	-1.#IND00
0.706666	-1.#IND00
0.720000	-1.#IND00
0.733333	-1.#IND00
0.746666	-1.#IND00
0.760000	-1.#IND00
0.773333	-1.#IND00
0.786666	-1.#IND00
0.800000	-1.#IND00
0.813333	-1.#IND00
0.826666	-1.#IND00
0.840000	-1.#IND00
0.853333	-1.#IND00
0.866666	-1.#IND00
0.880000	-1.#IND00
0.893333	-1.#IND00
0.906666	-1.#IND00
0.920000	-1.#IND00
0.933333	-1.#IND00
0.946666	-1.#IND00
0.960000	-1.#IND00
0.973333	-1.#IND00
0.986666	-1.#IND00
1.000000	-1.#IND00
1.013333	-1.#IND00
1.026666	-1.#IND00
1.040000	-1.#IND00
1.053333	-1.#IND00
1.066666	-1.#IND00
1.080000	-1.#IND00
1.093333	-1.#IND00
1.106666	-1.#IND00
1.120000	-1.#IND00
1.133333	-1.#IND00
1.146666	-1.#IND00
1.160000	-1.#IND00
1.173333	-1.#IND00
1.186666	-1.#IND00
1.200000	-1.#IND00
1.213333	-1.#IND00
1.226666	-1.#IND00
1.240000	-1.#IND00
1.253333	-1.#IND00
1.266666	-1.#IND00
1.280000	-1.#IND00
1.293333	-1.#IND00
1.306666	-1.#IND00
1.320000	-1.#IND00
0.000000	-1.#IND00
