 Iter cont_resid imp_resid energy_resid
10 1.000000 1.000000 1.000000
20 1.281004 1.508847 1.309580
30 2.510950 3.200263 2.722587
40 6.147331 8.657259 6.916786
50 16.473409 22.537587 17.096423
60 40.635847 52.517170 38.299141
70 79.551608 97.836117 69.133637
80 115.362000 135.668939 93.658891
90 132.221888 149.733727 101.745303
100 135.229790 148.058155 99.618653
110 132.950648 141.227167 94.532168
120 129.150914 133.396209 89.208947
130 125.163977 125.942466 84.435324
140 120.936544 118.629083 80.081320
150 116.863605 111.397698 76.199144
160 113.265907 105.015301 73.001723
170 109.813492 98.130111 70.170533
180 106.752459 91.209088 67.788301
190 103.683914 83.720577 65.589071
200 100.723225 75.762958 63.572374
210 97.465897 67.231202 61.470381
220 94.096024 58.399284 59.332992
230 90.762995 49.578426 57.275776
240 87.785319 41.054499 55.474978
250 85.068977 32.953660 53.848554
260 80.931567 24.751215 51.340622
270 71.413794 15.861626 45.418755
280 52.666692 7.936332 33.564952
290 31.992094 3.736648 20.429628
300 16.453762 3.058510 10.552453
310 7.900809 2.307097 5.120670
320 4.371874 1.995643 2.915627
330 3.050715 2.182262 2.042147
340 5.378131 7.788941 4.005643
350 8.858422 13.958922 6.969337
360 7.646520 13.913947 6.246189
370 5.260044 9.907423 4.373013
380 2.183139 3.267916 1.744742
390 2.199774 1.700503 1.662267
400 2.141131 1.784307 1.633716
410 2.099358 2.126771 1.589680
420 2.122566 2.226461 1.639999
430 2.466756 2.253078 1.921724
440 2.347777 2.512683 1.847413
450 2.451231 2.586547 1.928836
460 2.664623 2.542194 2.091457
470 2.570353 2.821413 2.029787
480 2.669420 2.862615 2.114607
490 2.734769 2.928800 2.166627
500 2.672200 3.041466 2.125623
510 2.875075 3.216566 2.270673
520 3.138435 3.619324 2.488589
530 3.731451 4.936123 2.998284
540 6.184275 11.184593 5.143968
550 7.611354 13.377774 6.338469
560 8.054622 14.070662 6.704813
570 8.255166 14.528605 6.869645
580 8.329393 14.809085 6.942120
590 8.427738 15.048842 7.028055
600 8.557796 15.166193 7.130053
610 8.586889 14.857762 7.127892
620 8.400985 13.917002 6.929997
630 8.241929 13.574614 6.811655
640 8.075652 14.129196 6.685750
650 8.648266 14.446195 7.136621
660 8.137086 15.704498 6.775698
670 7.898076 13.114701 6.418661
680 6.692637 12.842887 5.538417
690 7.041762 10.611819 5.666350
700 6.611696 11.178560 5.358189
710 5.552274 10.542313 4.511225
720 7.502058 13.295189 6.105180
730 7.292320 12.400049 5.894539
740 7.121227 11.873849 5.740112
750 7.224370 13.681034 5.894882
760 7.713829 13.643345 6.222886
770 8.230443 12.737014 6.552271
780 7.260075 13.556425 5.837940
790 7.572730 12.150393 5.970208
800 7.448700 12.102257 5.871970
810 6.987694 12.222525 5.481514
820 7.338656 11.412436 5.729907
830 6.816036 11.560740 5.323771
840 6.767362 10.415670 5.228659
850 6.082771 8.754756 4.626724
860 5.454540 7.641135 4.073040
870 5.147626 6.376858 3.775626
880 4.511341 5.180958 3.233261
890 4.191114 3.841573 2.922224
900 3.793002 3.063634 2.575266
910 3.755682 2.787814 2.509047
920 3.675398 2.777899 2.457257
930 3.672945 2.791495 2.457031
940 3.663876 2.810466 2.459616
950 3.828894 2.616719 2.586033
960 3.707988 2.662628 2.489059
970 3.797608 2.439948 2.555440
980 3.524648 2.559070 2.337630
990 3.451440 2.553022 2.272750
1000 3.278877 2.663985 2.138795
1010 3.275611 2.602353 2.136570
1020 3.276253 2.503292 2.151552
1030 3.311385 2.311628 2.187505
1040 2.972010 2.335912 1.942720
1050 3.019183 2.113368 2.037897
1060 3.210526 1.788525 2.182574
1070 3.187518 1.682317 2.177850
1080 3.063408 1.808963 2.098827
1090 2.990221 1.838217 2.050939
1100 2.576659 2.198509 1.759830
1110 2.109440 2.467065 1.430921
1120 1.929026 2.469500 1.305346
1130 2.188351 2.363496 1.502354
1140 2.237933 2.088562 1.585017
1150 2.151782 2.351823 1.490237
1160 2.466614 2.128670 1.759213
1170 2.379265 2.367696 1.716758
1180 2.500570 2.377707 1.833587
1190 2.598989 2.356838 1.909669
1200 2.622465 2.422574 1.935935
1210 2.646601 2.399527 1.982494
1220 2.709811 2.365358 2.041830
1230 2.622047 2.541015 1.980094
1240 2.426161 2.703352 1.838170
1250 2.392510 2.627630 1.893918
1260 2.594449 2.842953 2.085025
1270 2.650660 2.888514 2.144919
1280 2.572697 3.039474 2.079869
1290 2.720372 3.055879 2.208666
1300 2.735288 3.123492 2.224656
1310 2.694668 3.184143 2.212422
1320 2.857896 3.113413 2.311321
1330 2.883650 3.168362 2.364330
1340 2.752316 3.344107 2.277775
1350 2.683903 3.449765 2.235186
1360 2.698364 3.391307 2.222290
1370 2.561920 3.311653 2.125013
1380 2.496223 3.464204 2.041222
1390 2.902406 3.160195 2.312665
1400 2.929732 2.992744 2.343854
1410 2.677910 3.220166 2.166563
1420 2.812942 2.780654 2.219510
1430 3.234215 2.731560 2.513036
1440 2.860629 2.983669 2.260509
1450 3.046376 2.850795 2.382550
1460 2.687798 2.724434 2.118461
1470 2.189791 3.054315 1.677388
1480 2.186311 2.819086 1.672408
1490 2.713766 2.324240 2.079232
1500 3.047580 2.045280 2.324082
1510 2.803384 2.334622 2.114707
1520 1.950047 2.760029 1.423368
1530 2.714916 2.311914 2.004110
1540 2.817424 1.912257 2.091419
1550 2.720577 2.105824 1.958081
1560 2.499941 2.477461 1.763841
1570 2.776574 2.049826 1.920587
1580 2.862246 2.046458 2.011642
1590 2.113674 2.269284 1.449546
1600 2.710567 1.962159 1.823489
1610 2.940289 1.774654 1.977366
1620 2.853349 1.609402 1.910696
1630 2.720286 1.929667 1.771143
1640 2.626346 2.001168 1.697985
1650 2.880724 1.767925 1.892662
1660 2.777210 1.967440 1.822208
1670 2.805811 1.920160 1.825123
1680 2.930159 1.809352 1.909999
1690 2.919630 1.851156 1.901613
1700 2.904481 1.861619 1.877233
1710 2.862028 1.919020 1.833807
1720 2.888951 1.897954 1.852168
1730 2.904424 1.855101 1.861594
1740 2.890114 1.846469 1.848276
1750 2.903306 1.813308 1.854491
1760 2.910138 1.778043 1.858693
1770 2.884341 1.759499 1.838201
1780 2.838907 1.752366 1.803756
1790 2.794874 1.736619 1.769297
1800 2.727183 1.708934 1.720894
1810 2.680127 1.703191 1.686012
1820 2.601549 1.660930 1.634419
1830 2.577314 1.630586 1.622166
1840 2.518720 1.573126 1.590007
1850 2.505083 1.528085 1.582755
1860 2.416426 1.490801 1.522773
1870 2.350407 1.469180 1.473473
1880 2.267979 1.472160 1.415602
1890 2.187023 1.464544 1.362209
1900 2.146933 1.439608 1.343206
1910 2.153385 1.358380 1.357410
1920 2.111302 1.305559 1.332513
1930 1.924553 1.353940 1.196335
1940 1.660415 1.384295 1.001918
1950 1.656425 1.243792 1.064806
1960 1.839798 1.045943 1.244223
1970 1.935318 0.974513 1.342636
1980 1.877694 1.187035 1.308176
1990 1.785337 1.344908 1.244611
2000 1.645277 1.404765 1.149911
2010 1.369189 1.643751 0.994444
2020 1.110309 1.786454 0.831462
2030 1.041267 1.827333 0.860497
2040 1.082612 1.971829 0.872637
2050 1.465953 1.843379 1.181397
2060 1.435687 1.800124 1.175502
2070 1.345137 1.854566 1.126529
2080 1.505068 1.802668 1.224187
2090 1.449485 1.875023 1.189209
2100 1.567484 1.863662 1.254395
2110 1.623726 1.866918 1.286219
2120 1.632804 1.870656 1.288305
2130 1.656084 1.855724 1.307379
2140 1.638497 1.854208 1.299465
2150 1.630528 1.861255 1.291183
2160 1.651457 1.858714 1.306784
2170 1.645530 1.848448 1.302978
2180 1.594197 1.838532 1.268035
2190 1.547393 1.805584 1.238398
2200 1.573658 1.746499 1.251098
2210 1.622552 1.678863 1.278344
2220 1.566555 1.657638 1.231834
2230 1.469842 1.677301 1.148257
2240 1.387340 1.675240 1.082492
2250 1.187919 1.612582 0.944129
2260 0.992662 1.528024 0.819244
2270 0.846283 1.542592 0.685624
2280 0.958885 1.479139 0.760041
2290 1.192181 1.156678 0.907450
2300 1.187960 1.110296 0.914191
2310 1.043545 1.296107 0.785936
2320 1.034666 1.127247 0.744158
2330 1.274559 1.069355 0.930481
2340 1.203593 1.155061 0.867230
2350 1.298330 1.154326 0.938121
2360 1.245331 1.136057 0.890815
2370 1.216455 1.149651 0.860013
2380 1.195585 1.181258 0.831571
2390 1.214771 1.128176 0.859053
2400 1.278366 1.027905 0.892978
2410 1.333613 0.946667 0.933165
2420 1.337093 0.893253 0.942183
2430 1.281832 0.919342 0.883595
2440 1.154506 0.988360 0.775861
2450 1.046428 0.966676 0.675479
2460 1.052160 0.837677 0.672022
2470 1.178832 0.726764 0.777975
2480 1.349302 0.691827 0.906021
2490 1.416027 0.731941 0.958277
2500 1.365688 0.833146 0.919014
2510 1.323020 0.889292 0.872784
2520 1.321020 0.887953 0.868929
2530 1.301932 0.910223 0.856530
2540 1.260877 0.878563 0.829029
2550 1.209888 0.819105 0.782020
2560 1.139146 0.798331 0.717439
2570 1.134007 0.772868 0.701332
2580 1.189378 0.703092 0.735274
2590 1.234194 0.619526 0.769479
2600 1.235964 0.621871 0.770858
2610 1.196758 0.649717 0.739029
2620 1.164322 0.658886 0.707272
2630 1.149147 0.657528 0.695353
2640 1.140606 0.651807 0.689235
2650 1.130731 0.643105 0.681269
2660 1.116359 0.642847 0.669235
2670 1.097005 0.643231 0.654814
2680 1.092095 0.630085 0.651276
2690 1.089882 0.607545 0.651237
2700 1.087491 0.584434 0.650684
2710 1.077962 0.570073 0.644682
2720 1.064120 0.564013 0.635599
2730 1.052019 0.559717 0.626876
2740 1.041475 0.555766 0.618358
2750 1.034498 0.552310 0.614301
2760 1.030033 0.545546 0.612987
2770 1.023378 0.539204 0.609165
2780 1.014989 0.530940 0.603123
2790 1.004622 0.518701 0.596121
2800 0.994774 0.505423 0.589183
2810 0.986831 0.492633 0.583129
2820 0.984886 0.482386 0.582338
2830 0.984184 0.478901 0.583516
2840 0.977687 0.478883 0.580288
2850 0.963961 0.479028 0.571976
2860 0.946868 0.478995 0.561435
2870 0.932093 0.477275 0.553329
2880 0.919295 0.473430 0.546131
2890 0.907077 0.466723 0.537628
2900 0.895640 0.457736 0.529954
2910 0.884483 0.447434 0.523156
2920 0.872221 0.438268 0.516341
2930 0.858556 0.431876 0.507578
2940 0.844512 0.428946 0.496722
2950 0.829433 0.428921 0.486531
2960 0.812560 0.429424 0.475971
2970 0.794899 0.427764 0.465813
2980 0.778293 0.421715 0.456681
2990 0.762672 0.412247 0.449720
3000 0.749160 0.403005 0.445091
3010 0.735202 0.396921 0.436849
3020 0.717580 0.405388 0.422386
3030 0.683348 0.442167 0.394651
3040 0.634595 0.479472 0.357400
3050 0.586488 0.500622 0.328156
3060 0.566578 0.488781 0.331604
3070 0.590139 0.441065 0.378819
3080 0.645158 0.395027 0.439860
3090 0.693195 0.379760 0.480645
3100 0.727891 0.377990 0.502005
3110 0.732146 0.428569 0.509356
3120 0.696525 0.528755 0.485305
3130 0.624842 0.619388 0.433712
3140 0.533639 0.672192 0.365719
3150 0.441332 0.692527 0.303415
3160 0.361919 0.729810 0.249972
3170 0.349040 0.757884 0.259860
3180 0.420338 0.769610 0.327407
3190 0.498093 0.752729 0.401985
3200 0.544988 0.710817 0.438416
3210 0.561785 0.719674 0.450132
3220 0.569034 0.714004 0.456842
3230 0.584075 0.705351 0.475434
3240 0.580300 0.712259 0.475929
3250 0.568841 0.714139 0.473161
3260 0.570397 0.711578 0.475173
3270 0.564528 0.712180 0.469222
3280 0.548746 0.713586 0.457279
3290 0.542965 0.708548 0.449858
3300 0.541545 0.696955 0.444791
3310 0.529694 0.684812 0.434279
3320 0.523581 0.671403 0.425229
3330 0.538050 0.650157 0.432641
3340 0.546737 0.625654 0.437761
3350 0.534176 0.621964 0.427010
3360 0.500396 0.612448 0.398753
3370 0.452261 0.592832 0.356444
3380 0.385967 0.577649 0.298434
3390 0.316057 0.566729 0.229090
3400 0.348265 0.535456 0.248747
3410 0.391310 0.476006 0.281261
3420 0.416098 0.399264 0.296364
3430 0.417940 0.366104 0.293735
3440 0.408420 0.353605 0.279058
3450 0.400682 0.342775 0.261962
3460 0.400506 0.336993 0.246208
3470 0.406082 0.335012 0.238407
3480 0.413688 0.336036 0.239801
3490 0.420368 0.338262 0.242423
3500 0.423334 0.339656 0.242599
3510 0.423374 0.339940 0.242406
3520 0.425343 0.336447 0.242138
3530 0.429424 0.333709 0.248262
3540 0.438715 0.339350 0.258276
3550 0.453510 0.343482 0.274244
3560 0.470547 0.345060 0.291993
3570 0.490459 0.344052 0.310401
3580 0.509904 0.339224 0.328057
3590 0.528164 0.330850 0.343011
3600 0.542431 0.320416 0.355191
3610 0.556350 0.306492 0.365406
3620 0.565057 0.299718 0.371956
3630 0.568644 0.290629 0.374609
3640 0.566978 0.281445 0.373015
3650 0.559736 0.279064 0.366665
3660 0.546635 0.279884 0.356080
3670 0.528103 0.284761 0.340547
3680 0.507531 0.291159 0.322665
3690 0.486691 0.288712 0.303985
3700 0.470227 0.274139 0.288111
3710 0.460965 0.248127 0.279222
3720 0.459564 0.214553 0.277308
3730 0.464506 0.199512 0.280970
3740 0.472715 0.209899 0.287775
3750 0.481356 0.223117 0.294968
3760 0.489817 0.236215 0.302041
3770 0.495252 0.247312 0.307666
3780 0.497963 0.254886 0.310041
3790 0.494675 0.263211 0.307750
3800 0.484994 0.269112 0.300395
3810 0.469335 0.272648 0.288303
3820 0.448286 0.273312 0.272104
3830 0.423999 0.269589 0.253045
3840 0.399666 0.261358 0.234843
3850 0.382633 0.249574 0.222131
3860 0.365549 0.238247 0.208617
3870 0.361800 0.229174 0.197752
3880 0.373315 0.218944 0.206379
3890 0.383347 0.206186 0.215074
3900 0.388891 0.192753 0.220126
3910 0.390704 0.178843 0.221868
3920 0.385584 0.166430 0.219237
3930 0.379293 0.160484 0.215326
3940 0.372319 0.161209 0.209719
3950 0.362096 0.164413 0.202749
3960 0.352941 0.166894 0.196796
3970 0.345447 0.168525 0.190920
3980 0.337677 0.169061 0.185743
3990 0.335304 0.167504 0.184010
4000 0.332904 0.164825 0.183326
4010 0.329629 0.161308 0.182582
4020 0.329244 0.157488 0.182492
4030 0.324650 0.153882 0.180453
4040 0.322281 0.151027 0.179267
4050 0.317871 0.148349 0.176773
4060 0.312626 0.146811 0.173868
4070 0.308664 0.145285 0.171871
4080 0.302629 0.144401 0.169211
4090 0.300794 0.143525 0.167933
4100 0.295551 0.142512 0.165530
4110 0.293927 0.141812 0.164467
4120 0.289465 0.140571 0.162261
4130 0.287067 0.139945 0.161111
4140 0.283024 0.138551 0.158952
4150 0.280253 0.137782 0.157323
4160 0.276685 0.136383 0.155185
4170 0.273367 0.135467 0.153263
4180 0.270170 0.134121 0.151310
4190 0.266862 0.133244 0.149372
4200 0.264391 0.132049 0.147339
4210 0.261364 0.131085 0.145529
4220 0.258913 0.129647 0.143127
4230 0.256030 0.128405 0.141147
4240 0.253883 0.127035 0.138881
4250 0.251760 0.125801 0.137369
4260 0.249848 0.124391 0.135602
4270 0.248459 0.122901 0.134724
4280 0.247218 0.121383 0.133062
4290 0.246698 0.120173 0.132580
4300 0.245255 0.118845 0.131096
4310 0.244883 0.117419 0.130588
4320 0.243093 0.116078 0.129517
4330 0.243187 0.114772 0.129306
4340 0.241790 0.113777 0.128314
4350 0.240852 0.112532 0.127520
4360 0.239386 0.111457 0.126743
4370 0.238333 0.110628 0.126119
4380 0.236643 0.109816 0.124755
4390 0.235130 0.108978 0.124126
4400 0.233400 0.108450 0.122965
4410 0.231755 0.107676 0.121664
4420 0.229727 0.107370 0.120991
4430 0.228231 0.106779 0.119797
4440 0.225806 0.106502 0.118856
4450 0.224748 0.106313 0.117900
4460 0.221801 0.105913 0.116874
4470 0.220989 0.105773 0.116048
4480 0.218393 0.105097 0.114726
4490 0.217138 0.104435 0.113964
4500 0.214799 0.103628 0.112479
4510 0.213297 0.102377 0.111490
4520 0.211033 0.101320 0.109973
4530 0.209591 0.100594 0.108436
4540 0.207113 0.100560 0.106863
4550 0.206021 0.101096 0.105237
4560 0.203273 0.102154 0.103477
4570 0.201609 0.102532 0.101796
4580 0.199495 0.102268 0.100480
4590 0.197309 0.101329 0.099032
4600 0.196124 0.099696 0.098885
4610 0.194504 0.097500 0.098554
4620 0.193995 0.094493 0.098762
4630 0.193121 0.090937 0.099641
4640 0.193739 0.087220 0.102032
4650 0.194326 0.083443 0.104890
4660 0.194508 0.079846 0.107319
4670 0.197156 0.078044 0.110153
4680 0.199478 0.076159 0.112640
4690 0.201594 0.073966 0.114889
4700 0.203503 0.071734 0.116575
4710 0.205358 0.069769 0.117510
4720 0.206815 0.068229 0.118827
4730 0.207174 0.066796 0.119134
4740 0.207021 0.065186 0.118644
4750 0.206352 0.064181 0.118675
4760 0.204957 0.063456 0.117720
4770 0.203226 0.063058 0.116241
4780 0.201701 0.062792 0.114497
4790 0.200746 0.062693 0.112875
4800 0.200137 0.062921 0.112325
4810 0.198692 0.064531 0.111511
4820 0.196116 0.066591 0.110264
4830 0.193886 0.068507 0.108790
4840 0.191266 0.070197 0.107001
4850 0.187476 0.071868 0.104883
4860 0.183546 0.073626 0.102213
4870 0.178856 0.075947 0.098828
4880 0.173922 0.080338 0.095318
4890 0.168684 0.084078 0.091526
4900 0.162692 0.087152 0.087121
4910 0.156041 0.089602 0.082593
4920 0.149943 0.091753 0.077646
4930 0.143457 0.094223 0.072754
4940 0.136400 0.096902 0.067884
4950 0.129647 0.099176 0.063215
4960 0.124006 0.100806 0.059218
4970 0.119822 0.101633 0.055906
4980 0.117640 0.101673 0.054747
4990 0.117837 0.100893 0.055261
5000 0.119273 0.099346 0.057027
5010 0.121209 0.097116 0.059417
5020 0.123545 0.094344 0.061611
5030 0.126116 0.091128 0.063533
5040 0.128500 0.088190 0.065354
5050 0.130648 0.088218 0.066803
5060 0.132080 0.087990 0.068014
5070 0.133696 0.087498 0.068932
5080 0.134878 0.086786 0.069990
5090 0.135334 0.085888 0.070986
5100 0.135419 0.084757 0.071496
5110 0.135431 0.083452 0.071663
5120 0.134814 0.082059 0.071869
5130 0.134046 0.080603 0.071662
5140 0.132922 0.079107 0.071266
5150 0.132097 0.077589 0.070753
5160 0.131287 0.076066 0.070183
5170 0.130298 0.074550 0.069429
5180 0.129866 0.073050 0.068431
5190 0.129499 0.071575 0.067643
5200 0.129235 0.070129 0.067048
5210 0.128758 0.068716 0.066749
5220 0.128935 0.067338 0.066422
5230 0.128974 0.066011 0.066459
5240 0.128975 0.064719 0.066481
5250 0.129078 0.063466 0.066515
5260 0.129463 0.062245 0.066575
5270 0.129679 0.061068 0.066871
5280 0.129951 0.059963 0.066992
5290 0.130279 0.058874 0.067202
5300 0.130691 0.057817 0.067425
5310 0.130980 0.056767 0.067695
5320 0.131218 0.055728 0.067882
5330 0.131697 0.054732 0.068058
5340 0.132068 0.053775 0.068367
5350 0.132251 0.052827 0.068538
5360 0.132798 0.051956 0.068719
5370 0.133050 0.051119 0.068959
5380 0.133425 0.050316 0.069096
5390 0.133841 0.049667 0.069235
5400 0.134329 0.049113 0.069418
5410 0.134484 0.048658 0.069473
5420 0.134844 0.048193 0.069678
5430 0.134963 0.047587 0.069664
5440 0.135180 0.046893 0.069793
5450 0.135212 0.046069 0.069853
5460 0.135196 0.045109 0.070012
5470 0.135428 0.044029 0.070153
5480 0.135235 0.042793 0.070259
5490 0.135502 0.041437 0.070626
5500 0.135587 0.039983 0.070936
5510 0.135537 0.038393 0.071239
5520 0.135986 0.036717 0.071877
5530 0.136212 0.035035 0.072373
5540 0.136447 0.034228 0.073001
5550 0.136995 0.033666 0.073807
5560 0.137507 0.033059 0.074603
5570 0.137903 0.032323 0.075461
5580 0.138519 0.031439 0.076249
5590 0.139170 0.030458 0.077270
5600 0.139783 0.029443 0.078144
5610 0.140206 0.028170 0.079054
5620 0.140890 0.026567 0.079801
5630 0.141379 0.024648 0.080638
5640 0.141936 0.022433 0.081353
5650 0.142028 0.019960 0.081993
5660 0.142348 0.017615 0.082460
5670 0.142437 0.016321 0.082794
5680 0.142484 0.015497 0.082993
5690 0.142346 0.014983 0.083008
5700 0.141934 0.015166 0.082994
5710 0.141418 0.016300 0.082749
5720 0.140761 0.017649 0.082362
5730 0.139771 0.019138 0.081831
5740 0.138775 0.020661 0.081126
5750 0.137509 0.022032 0.080236
5760 0.136209 0.023357 0.079168
5770 0.134689 0.024525 0.077935
5780 0.132966 0.025644 0.076546
5790 0.131053 0.026596 0.075016
5800 0.128969 0.027487 0.073357
5810 0.126730 0.028227 0.071583
5820 0.124355 0.028889 0.069710
5830 0.121864 0.029554 0.067753
5840 0.119277 0.030288 0.065727
5850 0.116601 0.030839 0.063642
5860 0.113870 0.031246 0.061522
5870 0.111113 0.031491 0.059382
5880 0.108413 0.031591 0.057238
5890 0.106002 0.031577 0.055106
5900 0.104021 0.031478 0.053001
5910 0.102535 0.031306 0.050936
5920 0.101524 0.031067 0.049399
5930 0.100925 0.030761 0.048522
5940 0.100655 0.030385 0.048091
5950 0.100629 0.029933 0.047985
5960 0.100780 0.029399 0.048103
5970 0.101043 0.028795 0.048370
5980 0.101379 0.028105 0.048740
5990 0.101744 0.027385 0.049160
6000 0.102114 0.026608 0.049595
6010 0.102468 0.025775 0.050024
6020 0.102789 0.024891 0.050434
6030 0.103051 0.023964 0.050808
6040 0.103246 0.023007 0.051129
6050 0.103386 0.022020 0.051408
6060 0.103448 0.021076 0.051626
6070 0.103462 0.020141 0.051801
6080 0.103395 0.019467 0.051913
6090 0.103276 0.019112 0.051983
6100 0.103080 0.018907 0.051995
6110 0.102842 0.018777 0.051961
6120 0.102522 0.018701 0.051885
6130 0.102180 0.018726 0.051757
6140 0.101764 0.018784 0.051595
6150 0.101282 0.018835 0.051378
6160 0.100739 0.018882 0.051111
6170 0.100136 0.018948 0.050808
6180 0.099526 0.018995 0.050485
6190 0.098856 0.019019 0.050126
6200 0.098127 0.019112 0.049812
6210 0.097415 0.019229 0.049501
6220 0.096834 0.019329 0.049187
6230 0.096300 0.019405 0.048905
6240 0.095754 0.019444 0.048702
6250 0.095543 0.019527 0.048488
6260 0.095483 0.019595 0.048416
6270 0.095621 0.019652 0.048353
6280 0.095889 0.019862 0.048258
6290 0.096120 0.020057 0.048183
6300 0.096639 0.020249 0.048307
6310 0.097158 0.020456 0.048423
6320 0.097526 0.020770 0.048493
6330 0.097813 0.021037 0.048541
6340 0.098242 0.021240 0.048748
6350 0.098895 0.021381 0.048995
6360 0.099413 0.021528 0.049189
6370 0.099793 0.021685 0.049325
6380 0.100029 0.021888 0.049404
6390 0.100377 0.022074 0.049618
6400 0.100942 0.022183 0.049842
6410 0.101305 0.022218 0.049975
6420 0.101460 0.022170 0.050020
6430 0.101405 0.022050 0.049962
6440 0.101142 0.021851 0.049813
6450 0.101396 0.021780 0.049964
6460 0.101584 0.021672 0.049978
6470 0.101509 0.021576 0.049854
6480 0.101355 0.021377 0.049540
6490 0.101006 0.021097 0.049198
6500 0.100434 0.020737 0.048813
6510 0.100046 0.020298 0.048703
6520 0.100040 0.019991 0.048575
6530 0.099784 0.019647 0.048315
6540 0.099379 0.019219 0.047925
6550 0.098865 0.018712 0.047419
6560 0.098166 0.018130 0.046861
6570 0.097175 0.017464 0.046241
6580 0.095892 0.016745 0.045644
6590 0.095294 0.016029 0.045316
6600 0.094456 0.015600 0.044843
6610 0.093336 0.015344 0.044224
6620 0.091979 0.015136 0.043474
6630 0.091067 0.014988 0.042608
6640 0.090002 0.014949 0.041882
6650 0.088764 0.015053 0.041168
6660 0.087376 0.015111 0.040381
6670 0.085859 0.015124 0.039590
6680 0.084781 0.015096 0.039059
6690 0.083764 0.015015 0.038410
6700 0.082638 0.014929 0.037714
6710 0.081389 0.015092 0.036984
6720 0.080035 0.015207 0.036207
6730 0.078827 0.015276 0.035393
6740 0.077689 0.015303 0.034628
6750 0.076490 0.015289 0.033973
6760 0.075289 0.015239 0.033297
6770 0.074105 0.015156 0.032638
6780 0.072888 0.015041 0.031986
6790 0.071646 0.014910 0.031326
6800 0.070387 0.014850 0.030736
6810 0.069404 0.014780 0.030264
6820 0.068592 0.014689 0.029773
6830 0.067745 0.014652 0.029270
6840 0.066942 0.014600 0.028757
6850 0.066214 0.014540 0.028282
6860 0.065520 0.014475 0.027807
6870 0.064808 0.014476 0.027394
6880 0.064039 0.014446 0.026969
6890 0.063252 0.014396 0.026543
6900 0.062466 0.014330 0.026164
6910 0.061684 0.014252 0.025832
6920 0.060907 0.014162 0.025568
6930 0.060157 0.014063 0.025340
6940 0.059525 0.013962 0.025139
6950 0.058925 0.013872 0.024992
6960 0.058330 0.013792 0.024865
6970 0.057739 0.013711 0.024744
6980 0.057152 0.013625 0.024627
6990 0.056570 0.013534 0.024510
7000 0.055992 0.013440 0.024391
7010 0.055419 0.013342 0.024266
7020 0.054848 0.013241 0.024134
7030 0.054281 0.013137 0.024000
7040 0.053714 0.013045 0.023871
7050 0.053148 0.012957 0.023770
7060 0.052610 0.012866 0.023748
7070 0.052316 0.012772 0.023720
7080 0.052133 0.012722 0.023677
7090 0.051955 0.012702 0.023620
7100 0.051800 0.012686 0.023547
7110 0.051668 0.012667 0.023465
7120 0.051499 0.012644 0.023388
7130 0.051271 0.012608 0.023284
7140 0.050984 0.012562 0.023164
7150 0.050652 0.012512 0.023029
7160 0.050279 0.012496 0.022880
7170 0.049861 0.012489 0.022717
7180 0.049401 0.012475 0.022552
7190 0.048903 0.012452 0.022384
7200 0.048392 0.012421 0.022202
7210 0.047891 0.012383 0.022008
7220 0.047389 0.012336 0.021803
7230 0.046879 0.012281 0.021591
7240 0.046355 0.012219 0.021400
7250 0.045832 0.012149 0.021201
7260 0.045299 0.012072 0.020995
7270 0.044756 0.011988 0.020784
7280 0.044202 0.011898 0.020570
7290 0.043642 0.011801 0.020350
7300 0.043073 0.011699 0.020122
7310 0.042502 0.011592 0.019884
7320 0.041928 0.011481 0.019639
7330 0.041349 0.011365 0.019386
7340 0.040767 0.011247 0.019125
7350 0.040178 0.011134 0.018909
7360 0.039603 0.011017 0.018704
7370 0.039182 0.010898 0.018489
7380 0.038765 0.010804 0.018275
7390 0.038335 0.010727 0.018055
7400 0.037899 0.010648 0.017826
7410 0.037456 0.010565 0.017588
7420 0.037002 0.010481 0.017341
7430 0.036518 0.010389 0.017079
7440 0.036027 0.010294 0.016807
7450 0.035540 0.010197 0.016530
7460 0.035050 0.010099 0.016249
7470 0.034563 0.010001 0.015965
7480 0.034069 0.009935 0.015683
7490 0.033571 0.009867 0.015403
7500 0.033068 0.009811 0.015123
7510 0.032561 0.009753 0.014845
7520 0.032052 0.009692 0.014569
7530 0.031542 0.009629 0.014302
7540 0.031032 0.009564 0.014039
7550 0.030528 0.009497 0.013779
7560 0.030024 0.009428 0.013524
7570 0.029523 0.009357 0.013273
7580 0.029024 0.009285 0.013027
7590 0.028529 0.009210 0.012787
7600 0.028038 0.009134 0.012552
7610 0.027552 0.009055 0.012322
7620 0.027071 0.008975 0.012099
7630 0.026596 0.008893 0.011882
7640 0.026128 0.008810 0.011670
7650 0.025665 0.008725 0.011465
7660 0.025210 0.008638 0.011265
7670 0.024764 0.008550 0.011071
7680 0.024330 0.008460 0.010883
7690 0.023903 0.008370 0.010699
7700 0.023483 0.008278 0.010521
7710 0.023091 0.008185 0.010349
7720 0.022711 0.008090 0.010183
7730 0.022340 0.007996 0.010022
7740 0.021980 0.007903 0.009868
7750 0.021626 0.007808 0.009718
7760 0.021278 0.007713 0.009570
7770 0.020937 0.007616 0.009437
7780 0.020598 0.007520 0.009320
7790 0.020262 0.007422 0.009207
7800 0.019928 0.007325 0.009095
7810 0.019615 0.007227 0.008982
7820 0.019331 0.007128 0.008869
7830 0.019050 0.007030 0.008757
7840 0.018770 0.006932 0.008645
7850 0.018492 0.006833 0.008532
7860 0.018214 0.006735 0.008418
7870 0.017936 0.006637 0.008304
7880 0.017660 0.006538 0.008189
7890 0.017386 0.006440 0.008072
7900 0.017117 0.006342 0.007955
7910 0.016848 0.006244 0.007837
7920 0.016578 0.006147 0.007719
7930 0.016312 0.006049 0.007599
7940 0.016047 0.005952 0.007479
7950 0.015782 0.005855 0.007359
7960 0.015517 0.005759 0.007237
7970 0.015253 0.005663 0.007116
7980 0.014988 0.005567 0.006993
7990 0.014724 0.005472 0.006871
8000 0.014459 0.005377 0.006748
8010 0.014194 0.005283 0.006625
8020 0.013927 0.005191 0.006501
8030 0.013659 0.005101 0.006376
8040 0.013393 0.005012 0.006251
8050 0.013126 0.004922 0.006126
8060 0.012860 0.004833 0.006002
8070 0.012595 0.004745 0.005877
8080 0.012331 0.004656 0.005753
8090 0.012068 0.004569 0.005629
8100 0.011805 0.004482 0.005506
8110 0.011544 0.004395 0.005383
8120 0.011283 0.004309 0.005261
8130 0.011025 0.004223 0.005139
8140 0.010767 0.004138 0.005018
8150 0.010511 0.004057 0.004898
8160 0.010257 0.003976 0.004778
8170 0.010005 0.003895 0.004659
8180 0.009754 0.003815 0.004541
8190 0.009506 0.003735 0.004424
8200 0.009260 0.003656 0.004308
8210 0.009017 0.003578 0.004193
8220 0.008776 0.003501 0.004079
8230 0.008538 0.003424 0.003966
8240 0.008302 0.003348 0.003855
8250 0.008069 0.003273 0.003744
8260 0.007840 0.003198 0.003635
8270 0.007613 0.003125 0.003528
8280 0.007390 0.003052 0.003421
8290 0.007169 0.002980 0.003316
8300 0.006953 0.002909 0.003213
8310 0.006740 0.002839 0.003111
8320 0.006530 0.002770 0.003011
8330 0.006324 0.002702 0.002912
8340 0.006121 0.002635 0.002815
8350 0.005923 0.002569 0.002720
8360 0.005728 0.002503 0.002626
8370 0.005537 0.002439 0.002538
8380 0.005350 0.002375 0.002451
8390 0.005166 0.002313 0.002366
8400 0.004987 0.002251 0.002283
8410 0.004811 0.002191 0.002202
8420 0.004639 0.002131 0.002122
8430 0.004472 0.002072 0.002044
8440 0.004314 0.002014 0.001967
8450 0.004160 0.001957 0.001893
8460 0.004010 0.001901 0.001820
8470 0.003863 0.001846 0.001749
8480 0.003719 0.001791 0.001679
8490 0.003579 0.001738 0.001612
8500 0.003443 0.001685 0.001546
8510 0.003309 0.001633 0.001481
8520 0.003179 0.001583 0.001418
8530 0.003052 0.001533 0.001357
8540 0.002928 0.001483 0.001297
8550 0.002807 0.001435 0.001239
8560 0.002689 0.001390 0.001183
8570 0.002574 0.001346 0.001128
8580 0.002461 0.001302 0.001074
8590 0.002351 0.001260 0.001021
8600 0.002244 0.001218 0.000970
8610 0.002140 0.001177 0.000921
8620 0.002038 0.001137 0.000872
8630 0.001939 0.001097 0.000825
8640 0.001842 0.001058 0.000779
8650 0.001748 0.001020 0.000743
8660 0.001672 0.000984 0.000708
8670 0.001598 0.000950 0.000674
8680 0.001526 0.000916 0.000640
8690 0.001456 0.000883 0.000608
8700 0.001391 0.000851 0.000582
8710 0.001350 0.000819 0.000564
8720 0.001309 0.000788 0.000547
8730 0.001293 0.000759 0.000542
8740 0.001287 0.000734 0.000541
8750 0.001296 0.000712 0.000547
8760 0.001308 0.000692 0.000555
8770 0.001323 0.000673 0.000563
8780 0.001343 0.000655 0.000574
8790 0.001362 0.000638 0.000584
8800 0.001381 0.000620 0.000595
8810 0.001400 0.000603 0.000606
8820 0.001418 0.000586 0.000616
8830 0.001436 0.000569 0.000626
8840 0.001452 0.000553 0.000635
8850 0.001467 0.000536 0.000643
8860 0.001481 0.000520 0.000651
8870 0.001494 0.000505 0.000659
8880 0.001505 0.000489 0.000666
8890 0.001516 0.000474 0.000672
8900 0.001525 0.000459 0.000678
8910 0.001534 0.000445 0.000684
8920 0.001542 0.000430 0.000689
8930 0.001549 0.000416 0.000694
8940 0.001554 0.000402 0.000698
8950 0.001559 0.000388 0.000701
8960 0.001564 0.000375 0.000705
8970 0.001567 0.000362 0.000707
8980 0.001569 0.000350 0.000710
8990 0.001571 0.000339 0.000712
9000 0.001572 0.000329 0.000713
9010 0.001574 0.000319 0.000715
9020 0.001575 0.000308 0.000717
9030 0.001577 0.000298 0.000719
9040 0.001577 0.000289 0.000721
9050 0.001579 0.000279 0.000723
9060 0.001579 0.000269 0.000725
9070 0.001579 0.000261 0.000726
9080 0.001578 0.000253 0.000727
9090 0.001577 0.000247 0.000728
9100 0.001575 0.000244 0.000729
9110 0.001572 0.000244 0.000729
9120 0.001569 0.000246 0.000729
9130 0.001566 0.000248 0.000728
9140 0.001561 0.000250 0.000727
9150 0.001557 0.000253 0.000726
9160 0.001551 0.000257 0.000725
9170 0.001546 0.000260 0.000723
9180 0.001540 0.000264 0.000721
9190 0.001533 0.000268 0.000719
9200 0.001526 0.000272 0.000717
9210 0.001518 0.000277 0.000714
9220 0.001511 0.000281 0.000712
9230 0.001502 0.000286 0.000709
9240 0.001494 0.000291 0.000707
9250 0.001486 0.000295 0.000704
9260 0.001478 0.000300 0.000701
9270 0.001470 0.000305 0.000698
9280 0.001461 0.000309 0.000695
9290 0.001452 0.000313 0.000692
9300 0.001443 0.000318 0.000688
9310 0.001434 0.000322 0.000685
9320 0.001425 0.000326 0.000681
9330 0.001415 0.000329 0.000677
9340 0.001405 0.000333 0.000672
9350 0.001395 0.000336 0.000668
9360 0.001385 0.000339 0.000663
9370 0.001374 0.000342 0.000658
9380 0.001363 0.000344 0.000653
9390 0.001353 0.000346 0.000648
9400 0.001341 0.000348 0.000643
9410 0.001330 0.000350 0.000637
9420 0.001319 0.000352 0.000632
9430 0.001307 0.000353 0.000627
9440 0.001296 0.000354 0.000622
9450 0.001284 0.000355 0.000618
9460 0.001272 0.000356 0.000614
9470 0.001260 0.000357 0.000610
9480 0.001249 0.000357 0.000605
9490 0.001237 0.000357 0.000601
9500 0.001225 0.000357 0.000596
9510 0.001213 0.000357 0.000591
9520 0.001201 0.000357 0.000587
9530 0.001189 0.000357 0.000582
9540 0.001177 0.000356 0.000577
9550 0.001165 0.000355 0.000572
9560 0.001153 0.000354 0.000567
9570 0.001141 0.000354 0.000561
9580 0.001129 0.000352 0.000556
9590 0.001117 0.000351 0.000551
9600 0.001106 0.000350 0.000545
9610 0.001094 0.000348 0.000539
9620 0.001083 0.000347 0.000534
9630 0.001071 0.000345 0.000528
9640 0.001060 0.000343 0.000522
9650 0.001048 0.000341 0.000516
9660 0.001037 0.000339 0.000510
9670 0.001025 0.000337 0.000505
9680 0.001013 0.000335 0.000499
9690 0.001001 0.000333 0.000493
9700 0.000989 0.000330 0.000487
9710 0.000977 0.000328 0.000481
9720 0.000965 0.000325 0.000475
9730 0.000953 0.000323 0.000469
9740 0.000941 0.000320 0.000463
9750 0.000928 0.000317 0.000457
9760 0.000916 0.000315 0.000451
9770 0.000904 0.000312 0.000445
9780 0.000891 0.000309 0.000439
9790 0.000879 0.000306 0.000433
9800 0.000866 0.000303 0.000426
9810 0.000854 0.000300 0.000420
9820 0.000841 0.000297 0.000414
9830 0.000829 0.000294 0.000408
9840 0.000816 0.000291 0.000402
9850 0.000804 0.000288 0.000396
9860 0.000792 0.000285 0.000390
9870 0.000780 0.000282 0.000384
9880 0.000768 0.000279 0.000377
9890 0.000755 0.000275 0.000371
9900 0.000743 0.000272 0.000365
9910 0.000731 0.000269 0.000359
9920 0.000719 0.000266 0.000353
9930 0.000707 0.000262 0.000347
9940 0.000695 0.000259 0.000341
9950 0.000683 0.000256 0.000335
9960 0.000671 0.000252 0.000329
9970 0.000659 0.000249 0.000323
9980 0.000648 0.000245 0.000317
9990 0.000636 0.000242 0.000311
10000 0.000624 0.000238 0.000305
10010 0.000613 0.000235 0.000299
10020 0.000601 0.000231 0.000294
10030 0.000590 0.000228 0.000288
10040 0.000579 0.000225 0.000282
10050 0.000567 0.000221 0.000276
10060 0.000556 0.000218 0.000271
10070 0.000545 0.000214 0.000265
10080 0.000534 0.000211 0.000260
10090 0.000523 0.000207 0.000254
10100 0.000512 0.000204 0.000249
10110 0.000501 0.000200 0.000243
10120 0.000490 0.000197 0.000238
10130 0.000480 0.000194 0.000232
10140 0.000469 0.000190 0.000227
10150 0.000459 0.000187 0.000222
10160 0.000448 0.000183 0.000217
10170 0.000438 0.000180 0.000211
10180 0.000428 0.000177 0.000206
10190 0.000418 0.000173 0.000201
10200 0.000408 0.000170 0.000196
10210 0.000398 0.000167 0.000191
10220 0.000388 0.000163 0.000187
10230 0.000378 0.000160 0.000182
10240 0.000369 0.000157 0.000177
10250 0.000359 0.000154 0.000172
10260 0.000350 0.000151 0.000168
10270 0.000341 0.000147 0.000163
10280 0.000332 0.000144 0.000158
10290 0.000323 0.000141 0.000154
10300 0.000314 0.000138 0.000150
10310 0.000305 0.000135 0.000145
10320 0.000296 0.000132 0.000141
10330 0.000288 0.000129 0.000137
10340 0.000279 0.000126 0.000132
10350 0.000271 0.000123 0.000128
10360 0.000263 0.000120 0.000124
10370 0.000255 0.000117 0.000121
10380 0.000247 0.000114 0.000117
10390 0.000239 0.000112 0.000113
10400 0.000231 0.000109 0.000110
10410 0.000224 0.000106 0.000106
10420 0.000216 0.000103 0.000103
10430 0.000209 0.000101 0.000099
